<?xml version="1.0" encoding="utf-8"?>
<CoverageSession xmlns:xsd="http://www.w3.org/2001/XMLSchema" xmlns:xsi="http://www.w3.org/2001/XMLSchema-instance">
  <Summary numSequencePoints="127" visitedSequencePoints="83" numBranchPoints="49" visitedBranchPoints="26" sequenceCoverage="65.35" branchCoverage="53.06" maxCyclomaticComplexity="3" minCyclomaticComplexity="1" />
  <Modules>
    <Module skippedDueTo="Filter" hash="E7-54-44-89-91-58-FF-D3-61-E4-82-5C-21-8D-AA-7D-AB-6A-D8-FB">
      <FullName>C:\Windows\assembly\GAC_64\mscorlib\2.0.0.0__b77a5c561934e089\mscorlib.dll</FullName>
      <ModuleName>mscorlib</ModuleName>
      <Classes />
    </Module>
    <Module skippedDueTo="Filter" hash="F9-04-A8-31-CD-FB-23-72-95-63-5D-14-9A-A0-66-8E-7F-44-93-7A">
      <FullName>C:\Windows\assembly\GAC_64\mscorlib\2.0.0.0__b77a5c561934e089\sorttbls.nlp</FullName>
      <ModuleName>mscorlib</ModuleName>
      <Classes />
    </Module>
    <Module skippedDueTo="Filter" hash="6E-30-2E-50-36-FB-60-2C-8E-50-C0-83-54-8B-CC-EA-A8-91-B6-CC">
      <FullName>C:\Windows\assembly\GAC_64\mscorlib\2.0.0.0__b77a5c561934e089\sortkey.nlp</FullName>
      <ModuleName>mscorlib</ModuleName>
      <Classes />
    </Module>
    <Module skippedDueTo="Filter" hash="DD-3E-FB-E5-DE-F2-20-7E-0B-A5-75-79-F3-3A-EB-E1-45-C7-65-86">
      <FullName>C:\Windows\assembly\GAC_MSIL\mscorlib.resources\2.0.0.0_de_b77a5c561934e089\mscorlib.resources.dll</FullName>
      <ModuleName>mscorlib.resources</ModuleName>
      <Classes />
    </Module>
    <Module skippedDueTo="MissingPdb" hash="9F-C3-2E-51-B5-EB-69-B9-60-21-42-1F-17-25-12-07-16-11-20-50">
      <FullName>C:\svn_git_local_copy\github\ShoppingListApp\master\visualstudio\ShoppingListApp.Web.UI.Test\packages\NUnit.Runners.2.6.4\tools\nunit-console.exe</FullName>
      <ModuleName>nunit-console</ModuleName>
      <Classes />
    </Module>
    <Module skippedDueTo="MissingPdb" hash="F2-ED-FF-09-01-C9-D7-BC-29-AC-A6-93-C5-97-8A-0D-43-DD-8D-F2">
      <FullName>C:\svn_git_local_copy\github\ShoppingListApp\master\visualstudio\ShoppingListApp.Web.UI.Test\packages\NUnit.Runners.2.6.4\tools\lib\nunit-console-runner.dll</FullName>
      <ModuleName>nunit-console-runner</ModuleName>
      <Classes />
    </Module>
    <Module skippedDueTo="MissingPdb" hash="36-B9-FF-C0-07-EA-59-4D-23-2E-FD-CD-5A-45-CF-C0-2C-42-2A-98">
      <FullName>C:\svn_git_local_copy\github\ShoppingListApp\master\visualstudio\ShoppingListApp.Web.UI.Test\packages\NUnit.Runners.2.6.4\tools\lib\nunit.core.dll</FullName>
      <ModuleName>nunit.core</ModuleName>
      <Classes />
    </Module>
    <Module skippedDueTo="MissingPdb" hash="14-C3-4B-3E-39-7A-EE-C0-B9-2F-83-44-2F-04-8A-F7-48-7B-67-DE">
      <FullName>C:\svn_git_local_copy\github\ShoppingListApp\master\visualstudio\ShoppingListApp.Web.UI.Test\packages\NUnit.Runners.2.6.4\tools\lib\nunit.util.dll</FullName>
      <ModuleName>nunit.util</ModuleName>
      <Classes />
    </Module>
    <Module skippedDueTo="MissingPdb" hash="5E-95-A6-AD-88-48-98-B1-62-7F-4E-5A-C1-0E-F3-B7-85-56-44-E8">
      <FullName>C:\svn_git_local_copy\github\ShoppingListApp\master\visualstudio\ShoppingListApp.Web.UI.Test\packages\NUnit.Runners.2.6.4\tools\lib\nunit.core.interfaces.dll</FullName>
      <ModuleName>nunit.core.interfaces</ModuleName>
      <Classes />
    </Module>
    <Module skippedDueTo="Filter" hash="A8-11-D7-52-4C-12-FE-1E-D5-1D-AD-35-BD-8E-E7-0A-41-48-A9-CD">
      <FullName>C:\Windows\assembly\GAC_MSIL\System.Configuration\2.0.0.0__b03f5f7f11d50a3a\System.Configuration.dll</FullName>
      <ModuleName>System.Configuration</ModuleName>
      <Classes />
    </Module>
    <Module skippedDueTo="Filter" hash="69-83-EA-EB-05-DB-C7-0D-87-78-F7-A0-8E-28-2B-58-34-D4-9C-B5">
      <FullName>C:\Windows\assembly\GAC_MSIL\System\2.0.0.0__b77a5c561934e089\System.dll</FullName>
      <ModuleName>System</ModuleName>
      <Classes />
    </Module>
    <Module skippedDueTo="Filter" hash="B5-AF-88-F9-56-1E-52-13-ED-33-48-88-20-77-DD-2F-A1-1B-44-36">
      <FullName>C:\Windows\assembly\GAC_MSIL\System.Xml\2.0.0.0__b77a5c561934e089\System.Xml.dll</FullName>
      <ModuleName>System.Xml</ModuleName>
      <Classes />
    </Module>
    <Module skippedDueTo="Filter" hash="30-0B-06-AA-56-C3-82-1B-9E-C2-86-15-B1-B5-86-72-49-D0-D6-7C">
      <FullName>C:\Windows\assembly\GAC_MSIL\System.Runtime.Remoting\2.0.0.0__b77a5c561934e089\System.Runtime.Remoting.dll</FullName>
      <ModuleName>System.Runtime.Remoting</ModuleName>
      <Classes />
    </Module>
    <Module skippedDueTo="Filter" hash="1C-14-EF-7D-5A-01-7B-5A-59-2C-0B-20-CA-15-5F-9F-6F-18-E5-6C">
      <FullName>C:\Windows\Microsoft.Net\assembly\GAC_64\mscorlib\v4.0_4.0.0.0__b77a5c561934e089\mscorlib.dll</FullName>
      <ModuleName>mscorlib</ModuleName>
      <Classes />
    </Module>
    <Module skippedDueTo="MissingPdb" hash="E8-07-A4-A1-06-33-5B-A6-17-CF-DC-6F-28-47-58-85-D6-9F-6B-46">
      <FullName>C:\svn_git_local_copy\github\ShoppingListApp\master\visualstudio\ShoppingListApp.Web.UI.Test\packages\NUnit.Runners.2.6.4\tools\nunit-agent.exe</FullName>
      <ModuleName>nunit-agent</ModuleName>
      <Classes />
    </Module>
    <Module skippedDueTo="Filter" hash="38-4A-D4-CE-0C-44-E3-14-2E-0C-38-16-21-36-08-FC-9E-19-4A-F0">
      <FullName>C:\Windows\Microsoft.Net\assembly\GAC_MSIL\System\v4.0_4.0.0.0__b77a5c561934e089\System.dll</FullName>
      <ModuleName>System</ModuleName>
      <Classes />
    </Module>
    <Module skippedDueTo="Filter" hash="8B-6B-0D-0B-C5-5B-10-A0-CD-78-05-B7-13-A2-4C-DA-E5-47-4E-70">
      <FullName>C:\Windows\Microsoft.Net\assembly\GAC_MSIL\System.Runtime.Remoting\v4.0_4.0.0.0__b77a5c561934e089\System.Runtime.Remoting.dll</FullName>
      <ModuleName>System.Runtime.Remoting</ModuleName>
      <Classes />
    </Module>
    <Module skippedDueTo="Filter" hash="2F-7D-13-34-38-47-6A-D8-A6-85-0A-2A-97-3C-93-B2-CD-20-01-5F">
      <FullName>C:\Windows\Microsoft.Net\assembly\GAC_MSIL\System.Configuration\v4.0_4.0.0.0__b03f5f7f11d50a3a\System.Configuration.dll</FullName>
      <ModuleName>System.Configuration</ModuleName>
      <Classes />
    </Module>
    <Module skippedDueTo="Filter" hash="36-6D-BE-CC-C6-8D-5C-6B-D8-CE-E3-42-E9-1D-D1-3D-6E-FD-D9-5C">
      <FullName>C:\Windows\Microsoft.Net\assembly\GAC_MSIL\System.Xml\v4.0_4.0.0.0__b77a5c561934e089\System.Xml.dll</FullName>
      <ModuleName>System.Xml</ModuleName>
      <Classes />
    </Module>
    <Module skippedDueTo="Filter" hash="FA-52-DE-28-59-AB-F4-36-1F-C1-52-9F-C3-A0-01-1E-49-55-3B-D3">
      <FullName>C:\Windows\Microsoft.Net\assembly\GAC_64\System.Web\v4.0_4.0.0.0__b03f5f7f11d50a3a\System.Web.dll</FullName>
      <ModuleName>System.Web</ModuleName>
      <Classes />
    </Module>
    <Module skippedDueTo="Filter" hash="40-4B-E3-CA-8F-85-4E-60-4F-98-D8-0C-F8-2F-D9-5D-B0-43-52-3E">
      <FullName>C:\Windows\assembly\GAC_64\System.Web\2.0.0.0__b03f5f7f11d50a3a\System.Web.dll</FullName>
      <ModuleName>System.Web</ModuleName>
      <Classes />
    </Module>
    <Module skippedDueTo="MissingPdb" hash="53-25-23-C6-63-70-35-C6-0C-82-04-1A-0A-BF-1A-E7-1F-EA-74-A3">
      <FullName>C:\svn_git_local_copy\github\ShoppingListApp\master\visualstudio\ShoppingListApp.Web.UI.Test\packages\NUnit.Runners.2.6.4\tools\pnunit.framework.dll</FullName>
      <ModuleName>pnunit.framework</ModuleName>
      <Classes />
    </Module>
    <Module skippedDueTo="MissingPdb" hash="21-69-E9-47-C6-F8-02-12-31-E6-18-DE-8E-43-24-C9-AB-F7-C2-BE">
      <FullName>C:\svn_git_local_copy\github\ShoppingListApp\master\visualstudio\ShoppingListApp.Web.UI.Test\packages\NUnit.Runners.2.6.4\tools\pnunit-agent.exe</FullName>
      <ModuleName>pnunit-agent</ModuleName>
      <Classes />
    </Module>
    <Module hash="91-99-3B-2E-8E-B7-1E-21-47-FC-DD-3F-43-2D-E5-83-DF-DF-BA-94">
      <Summary numSequencePoints="127" visitedSequencePoints="83" numBranchPoints="49" visitedBranchPoints="26" sequenceCoverage="65.35" branchCoverage="53.06" maxCyclomaticComplexity="3" minCyclomaticComplexity="1" />
      <FullName>C:\svn_git_local_copy\github\ShoppingListApp\master\visualstudio\ShoppingListApp.Web.UI.Test\ShoppingListApp.Web.UI.Test\bin\Debug\ShoppingListApp.Web.UI.Test.dll</FullName>
      <ModuleName>ShoppingListApp.Web.UI.Test</ModuleName>
      <Files>
        <File uid="1" fullPath="c:\svn_git_local_copy\github\ShoppingListApp\master\visualstudio\ShoppingListApp.Web.UI.Test\ShoppingListApp.Web.UI.Test\Features\US001_LogIn_AsUser1.feature.cs" />
        <File uid="2" fullPath="c:\svn_git_local_copy\github\ShoppingListApp\master\visualstudio\ShoppingListApp.Web.UI.Test\ShoppingListApp.Web.UI.Test\Features\US001_LogIn_AsUser.feature" />
        <File uid="3" fullPath="c:\svn_git_local_copy\github\ShoppingListApp\master\visualstudio\ShoppingListApp.Web.UI.Test\ShoppingListApp.Web.UI.Test\Support\SeleniumStepsBase.cs" />
        <File uid="4" fullPath="c:\svn_git_local_copy\github\ShoppingListApp\master\visualstudio\ShoppingListApp.Web.UI.Test\ShoppingListApp.Web.UI.Test\Steps\US001_LogInAsUser_Steps.cs" />
        <File uid="5" fullPath="c:\svn_git_local_copy\github\ShoppingListApp\master\visualstudio\ShoppingListApp.Web.UI.Test\ShoppingListApp.Web.UI.Test\Support\SeleniumController.cs" />
        <File uid="6" fullPath="c:\svn_git_local_copy\github\ShoppingListApp\master\visualstudio\ShoppingListApp.Web.UI.Test\ShoppingListApp.Web.UI.Test\Support\SeleniumSupport.cs" />
        <File uid="7" fullPath="c:\svn_git_local_copy\github\ShoppingListApp\master\visualstudio\ShoppingListApp.Web.UI.Test\ShoppingListApp.Web.UI.Test\Support\WebDriverExtensions.cs" />
      </Files>
      <Classes>
        <Class>
          <Summary numSequencePoints="0" visitedSequencePoints="0" numBranchPoints="0" visitedBranchPoints="0" sequenceCoverage="0" branchCoverage="0" maxCyclomaticComplexity="0" minCyclomaticComplexity="0" />
          <FullName>&lt;Module&gt;</FullName>
          <Methods />
        </Class>
        <Class>
          <Summary numSequencePoints="7" visitedSequencePoints="7" numBranchPoints="1" visitedBranchPoints="1" sequenceCoverage="100" branchCoverage="100" maxCyclomaticComplexity="1" minCyclomaticComplexity="1" />
          <FullName>ShoppingListApp.Web.UI.Test.Features.US001_LogIn_AsUserFeature</FullName>
          <Methods>
            <Method visited="true" cyclomaticComplexity="1" sequenceCoverage="0" branchCoverage="0" isConstructor="false" isStatic="false" isGetter="false" isSetter="false">
              <Summary numSequencePoints="0" visitedSequencePoints="0" numBranchPoints="0" visitedBranchPoints="0" sequenceCoverage="0" branchCoverage="0" maxCyclomaticComplexity="1" minCyclomaticComplexity="1" />
              <MetadataToken>100663297</MetadataToken>
              <Name>System.Void ShoppingListApp.Web.UI.Test.Features.US001_LogIn_AsUserFeature::FeatureSetup()</Name>
              <SequencePoints />
              <BranchPoints />
              <MethodPoint vc="1" uspid="1" ordinal="0" offset="0" />
            </Method>
            <Method visited="true" cyclomaticComplexity="1" sequenceCoverage="0" branchCoverage="0" isConstructor="false" isStatic="false" isGetter="false" isSetter="false">
              <Summary numSequencePoints="0" visitedSequencePoints="0" numBranchPoints="0" visitedBranchPoints="0" sequenceCoverage="0" branchCoverage="0" maxCyclomaticComplexity="1" minCyclomaticComplexity="1" />
              <MetadataToken>100663298</MetadataToken>
              <Name>System.Void ShoppingListApp.Web.UI.Test.Features.US001_LogIn_AsUserFeature::FeatureTearDown()</Name>
              <SequencePoints />
              <BranchPoints />
              <MethodPoint vc="1" uspid="2" ordinal="0" offset="0" />
            </Method>
            <Method visited="true" cyclomaticComplexity="1" sequenceCoverage="0" branchCoverage="0" isConstructor="false" isStatic="false" isGetter="false" isSetter="false">
              <Summary numSequencePoints="0" visitedSequencePoints="0" numBranchPoints="0" visitedBranchPoints="0" sequenceCoverage="0" branchCoverage="0" maxCyclomaticComplexity="1" minCyclomaticComplexity="1" />
              <MetadataToken>100663299</MetadataToken>
              <Name>System.Void ShoppingListApp.Web.UI.Test.Features.US001_LogIn_AsUserFeature::TestInitialize()</Name>
              <SequencePoints />
              <BranchPoints />
              <MethodPoint vc="1" uspid="3" ordinal="0" offset="0" />
            </Method>
            <Method visited="true" cyclomaticComplexity="1" sequenceCoverage="0" branchCoverage="0" isConstructor="false" isStatic="false" isGetter="false" isSetter="false">
              <Summary numSequencePoints="0" visitedSequencePoints="0" numBranchPoints="0" visitedBranchPoints="0" sequenceCoverage="0" branchCoverage="0" maxCyclomaticComplexity="1" minCyclomaticComplexity="1" />
              <MetadataToken>100663300</MetadataToken>
              <Name>System.Void ShoppingListApp.Web.UI.Test.Features.US001_LogIn_AsUserFeature::ScenarioTearDown()</Name>
              <SequencePoints />
              <BranchPoints />
              <MethodPoint vc="1" uspid="4" ordinal="0" offset="0" />
            </Method>
            <Method visited="true" cyclomaticComplexity="1" sequenceCoverage="0" branchCoverage="0" isConstructor="false" isStatic="false" isGetter="false" isSetter="false">
              <Summary numSequencePoints="0" visitedSequencePoints="0" numBranchPoints="0" visitedBranchPoints="0" sequenceCoverage="0" branchCoverage="0" maxCyclomaticComplexity="1" minCyclomaticComplexity="1" />
              <MetadataToken>100663301</MetadataToken>
              <Name>System.Void ShoppingListApp.Web.UI.Test.Features.US001_LogIn_AsUserFeature::ScenarioSetup(TechTalk.SpecFlow.ScenarioInfo)</Name>
              <SequencePoints />
              <BranchPoints />
              <MethodPoint vc="1" uspid="5" ordinal="0" offset="0" />
            </Method>
            <Method visited="true" cyclomaticComplexity="1" sequenceCoverage="0" branchCoverage="0" isConstructor="false" isStatic="false" isGetter="false" isSetter="false">
              <Summary numSequencePoints="0" visitedSequencePoints="0" numBranchPoints="0" visitedBranchPoints="0" sequenceCoverage="0" branchCoverage="0" maxCyclomaticComplexity="1" minCyclomaticComplexity="1" />
              <MetadataToken>100663302</MetadataToken>
              <Name>System.Void ShoppingListApp.Web.UI.Test.Features.US001_LogIn_AsUserFeature::ScenarioCleanup()</Name>
              <SequencePoints />
              <BranchPoints />
              <MethodPoint vc="1" uspid="6" ordinal="0" offset="0" />
            </Method>
            <Method visited="true" cyclomaticComplexity="1" sequenceCoverage="100" branchCoverage="100" isConstructor="false" isStatic="false" isGetter="false" isSetter="false">
              <Summary numSequencePoints="7" visitedSequencePoints="7" numBranchPoints="1" visitedBranchPoints="1" sequenceCoverage="100" branchCoverage="100" maxCyclomaticComplexity="1" minCyclomaticComplexity="1" />
              <MetadataToken>100663303</MetadataToken>
              <Name>System.Void ShoppingListApp.Web.UI.Test.Features.US001_LogIn_AsUserFeature::LogInAsAValidUserOnTheShoppinglistAppOpensTheHomePage()</Name>
              <FileRef uid="2" />
              <SequencePoints>
                <SequencePoint vc="1" uspid="7" ordinal="0" offset="28" sl="7" sc="1" el="7" ec="34" bec="0" bev="0" fileid="2" />
                <SequencePoint vc="1" uspid="8" ordinal="1" offset="36" sl="8" sc="2" el="8" ec="110" bec="0" bev="0" fileid="2" />
                <SequencePoint vc="1" uspid="9" ordinal="2" offset="59" sl="9" sc="2" el="9" ec="117" bec="0" bev="0" fileid="2" />
                <SequencePoint vc="1" uspid="10" ordinal="3" offset="82" sl="10" sc="2" el="11" ec="96" bec="0" bev="0" fileid="2" />
                <SequencePoint vc="1" uspid="11" ordinal="4" offset="105" sl="11" sc="2" el="12" ec="89" bec="0" bev="0" fileid="2" />
                <SequencePoint vc="1" uspid="12" ordinal="5" offset="128" sl="12" sc="2" el="12" ec="126" bec="0" bev="0" fileid="2" />
                <SequencePoint vc="1" uspid="13" ordinal="6" offset="151" sl="13" sc="2" el="13" ec="141" bec="0" bev="0" fileid="2" />
              </SequencePoints>
              <BranchPoints />
              <MethodPoint vc="1" uspid="14" ordinal="0" offset="0" />
            </Method>
            <Method visited="true" cyclomaticComplexity="1" sequenceCoverage="0" branchCoverage="0" isConstructor="true" isStatic="false" isGetter="false" isSetter="false">
              <Summary numSequencePoints="0" visitedSequencePoints="0" numBranchPoints="0" visitedBranchPoints="0" sequenceCoverage="0" branchCoverage="0" maxCyclomaticComplexity="1" minCyclomaticComplexity="1" />
              <MetadataToken>100663304</MetadataToken>
              <Name>System.Void ShoppingListApp.Web.UI.Test.Features.US001_LogIn_AsUserFeature::.ctor()</Name>
              <SequencePoints />
              <BranchPoints />
              <MethodPoint vc="1" uspid="15" ordinal="0" offset="0" />
            </Method>
          </Methods>
        </Class>
        <Class>
          <Summary numSequencePoints="3" visitedSequencePoints="3" numBranchPoints="1" visitedBranchPoints="1" sequenceCoverage="100" branchCoverage="100" maxCyclomaticComplexity="1" minCyclomaticComplexity="1" />
          <FullName>Selenium_SpecFlow.Support.SeleniumStepsBase</FullName>
          <Methods>
            <Method visited="true" cyclomaticComplexity="1" sequenceCoverage="100" branchCoverage="100" isConstructor="false" isStatic="false" isGetter="true" isSetter="false">
              <Summary numSequencePoints="3" visitedSequencePoints="3" numBranchPoints="1" visitedBranchPoints="1" sequenceCoverage="100" branchCoverage="100" maxCyclomaticComplexity="1" minCyclomaticComplexity="1" />
              <MetadataToken>100663305</MetadataToken>
              <Name>OpenQA.Selenium.IWebDriver Selenium_SpecFlow.Support.SeleniumStepsBase::get_selenium()</Name>
              <FileRef uid="3" />
              <SequencePoints>
                <SequencePoint vc="6" uspid="16" ordinal="0" offset="0" sl="14" sc="17" el="14" ec="18" bec="0" bev="0" fileid="3" />
                <SequencePoint vc="6" uspid="17" ordinal="1" offset="1" sl="14" sc="19" el="14" ec="63" bec="0" bev="0" fileid="3" />
                <SequencePoint vc="6" uspid="18" ordinal="2" offset="14" sl="14" sc="64" el="14" ec="65" bec="0" bev="0" fileid="3" />
              </SequencePoints>
              <BranchPoints />
              <MethodPoint xsi:type="SequencePoint" vc="6" uspid="16" ordinal="0" offset="0" sl="14" sc="17" el="14" ec="18" bec="0" bev="0" fileid="3" />
            </Method>
            <Method visited="true" cyclomaticComplexity="1" sequenceCoverage="0" branchCoverage="0" isConstructor="true" isStatic="false" isGetter="false" isSetter="false">
              <Summary numSequencePoints="0" visitedSequencePoints="0" numBranchPoints="0" visitedBranchPoints="0" sequenceCoverage="0" branchCoverage="0" maxCyclomaticComplexity="1" minCyclomaticComplexity="1" />
              <MetadataToken>100663306</MetadataToken>
              <Name>System.Void Selenium_SpecFlow.Support.SeleniumStepsBase::.ctor()</Name>
              <SequencePoints />
              <BranchPoints />
              <MethodPoint vc="1" uspid="19" ordinal="0" offset="0" />
            </Method>
          </Methods>
        </Class>
        <Class>
          <Summary numSequencePoints="15" visitedSequencePoints="15" numBranchPoints="5" visitedBranchPoints="5" sequenceCoverage="100" branchCoverage="100" maxCyclomaticComplexity="1" minCyclomaticComplexity="1" />
          <FullName>ShoppingListApp.Web.UI.Test.Steps.US001_LogInAsUser_Steps</FullName>
          <Methods>
            <Method visited="true" cyclomaticComplexity="1" sequenceCoverage="100" branchCoverage="100" isConstructor="false" isStatic="false" isGetter="false" isSetter="false">
              <Summary numSequencePoints="3" visitedSequencePoints="3" numBranchPoints="1" visitedBranchPoints="1" sequenceCoverage="100" branchCoverage="100" maxCyclomaticComplexity="1" minCyclomaticComplexity="1" />
              <MetadataToken>100663307</MetadataToken>
              <Name>System.Void ShoppingListApp.Web.UI.Test.Steps.US001_LogInAsUser_Steps::GivenIHavePageOpened(System.String)</Name>
              <FileRef uid="4" />
              <SequencePoints>
                <SequencePoint vc="1" uspid="20" ordinal="0" offset="0" sl="13" sc="9" el="13" ec="10" bec="0" bev="0" fileid="4" />
                <SequencePoint vc="1" uspid="21" ordinal="1" offset="1" sl="14" sc="13" el="14" ec="37" bec="0" bev="0" fileid="4" />
                <SequencePoint vc="1" uspid="22" ordinal="2" offset="14" sl="15" sc="9" el="15" ec="10" bec="0" bev="0" fileid="4" />
              </SequencePoints>
              <BranchPoints />
              <MethodPoint xsi:type="SequencePoint" vc="1" uspid="20" ordinal="0" offset="0" sl="13" sc="9" el="13" ec="10" bec="0" bev="0" fileid="4" />
            </Method>
            <Method visited="true" cyclomaticComplexity="1" sequenceCoverage="100" branchCoverage="100" isConstructor="false" isStatic="false" isGetter="false" isSetter="false">
              <Summary numSequencePoints="3" visitedSequencePoints="3" numBranchPoints="1" visitedBranchPoints="1" sequenceCoverage="100" branchCoverage="100" maxCyclomaticComplexity="1" minCyclomaticComplexity="1" />
              <MetadataToken>100663308</MetadataToken>
              <Name>System.Void ShoppingListApp.Web.UI.Test.Steps.US001_LogInAsUser_Steps::GivenIHaveEnteredIntoTheTextBoxOfWhichIdIs(System.String,System.String)</Name>
              <FileRef uid="4" />
              <SequencePoints>
                <SequencePoint vc="2" uspid="23" ordinal="0" offset="0" sl="19" sc="9" el="19" ec="10" bec="0" bev="0" fileid="4" />
                <SequencePoint vc="2" uspid="24" ordinal="1" offset="1" sl="20" sc="13" el="20" ec="45" bec="0" bev="0" fileid="4" />
                <SequencePoint vc="2" uspid="25" ordinal="2" offset="15" sl="21" sc="9" el="21" ec="10" bec="0" bev="0" fileid="4" />
              </SequencePoints>
              <BranchPoints />
              <MethodPoint xsi:type="SequencePoint" vc="2" uspid="23" ordinal="0" offset="0" sl="19" sc="9" el="19" ec="10" bec="0" bev="0" fileid="4" />
            </Method>
            <Method visited="true" cyclomaticComplexity="1" sequenceCoverage="100" branchCoverage="100" isConstructor="false" isStatic="false" isGetter="false" isSetter="false">
              <Summary numSequencePoints="3" visitedSequencePoints="3" numBranchPoints="1" visitedBranchPoints="1" sequenceCoverage="100" branchCoverage="100" maxCyclomaticComplexity="1" minCyclomaticComplexity="1" />
              <MetadataToken>100663309</MetadataToken>
              <Name>System.Void ShoppingListApp.Web.UI.Test.Steps.US001_LogInAsUser_Steps::WhenIPressButtonOfWhichIdIs(System.String)</Name>
              <FileRef uid="4" />
              <SequencePoints>
                <SequencePoint vc="1" uspid="26" ordinal="0" offset="0" sl="25" sc="9" el="25" ec="10" bec="0" bev="0" fileid="4" />
                <SequencePoint vc="1" uspid="27" ordinal="1" offset="1" sl="26" sc="13" el="26" ec="40" bec="0" bev="0" fileid="4" />
                <SequencePoint vc="1" uspid="28" ordinal="2" offset="14" sl="27" sc="9" el="27" ec="10" bec="0" bev="0" fileid="4" />
              </SequencePoints>
              <BranchPoints />
              <MethodPoint xsi:type="SequencePoint" vc="1" uspid="26" ordinal="0" offset="0" sl="25" sc="9" el="25" ec="10" bec="0" bev="0" fileid="4" />
            </Method>
            <Method visited="true" cyclomaticComplexity="1" sequenceCoverage="100" branchCoverage="100" isConstructor="false" isStatic="false" isGetter="false" isSetter="false">
              <Summary numSequencePoints="3" visitedSequencePoints="3" numBranchPoints="1" visitedBranchPoints="1" sequenceCoverage="100" branchCoverage="100" maxCyclomaticComplexity="1" minCyclomaticComplexity="1" />
              <MetadataToken>100663310</MetadataToken>
              <Name>System.Void ShoppingListApp.Web.UI.Test.Steps.US001_LogInAsUser_Steps::WhenIPressButtonOfWhichNameIs(System.String)</Name>
              <FileRef uid="4" />
              <SequencePoints>
                <SequencePoint vc="1" uspid="29" ordinal="0" offset="0" sl="31" sc="9" el="31" ec="10" bec="0" bev="0" fileid="4" />
                <SequencePoint vc="1" uspid="30" ordinal="1" offset="1" sl="32" sc="13" el="32" ec="38" bec="0" bev="0" fileid="4" />
                <SequencePoint vc="1" uspid="31" ordinal="2" offset="14" sl="33" sc="9" el="33" ec="10" bec="0" bev="0" fileid="4" />
              </SequencePoints>
              <BranchPoints />
              <MethodPoint xsi:type="SequencePoint" vc="1" uspid="29" ordinal="0" offset="0" sl="31" sc="9" el="31" ec="10" bec="0" bev="0" fileid="4" />
            </Method>
            <Method visited="true" cyclomaticComplexity="1" sequenceCoverage="100" branchCoverage="100" isConstructor="false" isStatic="false" isGetter="false" isSetter="false">
              <Summary numSequencePoints="3" visitedSequencePoints="3" numBranchPoints="1" visitedBranchPoints="1" sequenceCoverage="100" branchCoverage="100" maxCyclomaticComplexity="1" minCyclomaticComplexity="1" />
              <MetadataToken>100663311</MetadataToken>
              <Name>System.Void ShoppingListApp.Web.UI.Test.Steps.US001_LogInAsUser_Steps::ThenIShouldBeNavigatedToPageWithOnIt(System.String)</Name>
              <FileRef uid="4" />
              <SequencePoints>
                <SequencePoint vc="1" uspid="32" ordinal="0" offset="0" sl="37" sc="9" el="37" ec="10" bec="0" bev="0" fileid="4" />
                <SequencePoint vc="1" uspid="33" ordinal="1" offset="1" sl="38" sc="13" el="38" ec="99" bec="0" bev="0" fileid="4" />
                <SequencePoint vc="1" uspid="34" ordinal="2" offset="30" sl="39" sc="9" el="39" ec="10" bec="0" bev="0" fileid="4" />
              </SequencePoints>
              <BranchPoints />
              <MethodPoint xsi:type="SequencePoint" vc="1" uspid="32" ordinal="0" offset="0" sl="37" sc="9" el="37" ec="10" bec="0" bev="0" fileid="4" />
            </Method>
            <Method visited="true" cyclomaticComplexity="1" sequenceCoverage="0" branchCoverage="0" isConstructor="true" isStatic="false" isGetter="false" isSetter="false">
              <Summary numSequencePoints="0" visitedSequencePoints="0" numBranchPoints="0" visitedBranchPoints="0" sequenceCoverage="0" branchCoverage="0" maxCyclomaticComplexity="1" minCyclomaticComplexity="1" />
              <MetadataToken>100663312</MetadataToken>
              <Name>System.Void ShoppingListApp.Web.UI.Test.Steps.US001_LogInAsUser_Steps::.ctor()</Name>
              <SequencePoints />
              <BranchPoints />
              <MethodPoint vc="1" uspid="35" ordinal="0" offset="0" />
            </Method>
          </Methods>
        </Class>
        <Class>
          <Summary numSequencePoints="27" visitedSequencePoints="22" numBranchPoints="8" visitedBranchPoints="7" sequenceCoverage="81.48" branchCoverage="87.5" maxCyclomaticComplexity="2" minCyclomaticComplexity="1" />
          <FullName>Selenium_SpecFlow.Support.SeleniumController</FullName>
          <Methods>
            <Method visited="true" cyclomaticComplexity="1" sequenceCoverage="0" branchCoverage="0" isConstructor="false" isStatic="false" isGetter="true" isSetter="false">
              <Summary numSequencePoints="0" visitedSequencePoints="0" numBranchPoints="0" visitedBranchPoints="0" sequenceCoverage="0" branchCoverage="0" maxCyclomaticComplexity="1" minCyclomaticComplexity="1" />
              <MetadataToken>100663313</MetadataToken>
              <Name>OpenQA.Selenium.IWebDriver Selenium_SpecFlow.Support.SeleniumController::get_Selenium()</Name>
              <SequencePoints />
              <BranchPoints />
              <MethodPoint vc="12" uspid="36" ordinal="0" offset="0" />
            </Method>
            <Method visited="true" cyclomaticComplexity="1" sequenceCoverage="0" branchCoverage="0" isConstructor="false" isStatic="false" isGetter="false" isSetter="true">
              <Summary numSequencePoints="0" visitedSequencePoints="0" numBranchPoints="0" visitedBranchPoints="0" sequenceCoverage="0" branchCoverage="0" maxCyclomaticComplexity="1" minCyclomaticComplexity="1" />
              <MetadataToken>100663314</MetadataToken>
              <Name>System.Void Selenium_SpecFlow.Support.SeleniumController::set_Selenium(OpenQA.Selenium.IWebDriver)</Name>
              <SequencePoints />
              <BranchPoints />
              <MethodPoint vc="2" uspid="37" ordinal="0" offset="0" />
            </Method>
            <Method visited="true" cyclomaticComplexity="1" sequenceCoverage="100" branchCoverage="100" isConstructor="false" isStatic="false" isGetter="false" isSetter="false">
              <Summary numSequencePoints="3" visitedSequencePoints="3" numBranchPoints="1" visitedBranchPoints="1" sequenceCoverage="100" branchCoverage="100" maxCyclomaticComplexity="1" minCyclomaticComplexity="1" />
              <MetadataToken>100663315</MetadataToken>
              <Name>System.Void Selenium_SpecFlow.Support.SeleniumController::Trace(System.String)</Name>
              <FileRef uid="5" />
              <SequencePoints>
                <SequencePoint vc="2" uspid="38" ordinal="0" offset="0" sl="20" sc="9" el="20" ec="10" bec="0" bev="0" fileid="5" />
                <SequencePoint vc="2" uspid="39" ordinal="1" offset="1" sl="21" sc="13" el="21" ec="50" bec="0" bev="0" fileid="5" />
                <SequencePoint vc="2" uspid="40" ordinal="2" offset="13" sl="22" sc="9" el="22" ec="10" bec="0" bev="0" fileid="5" />
              </SequencePoints>
              <BranchPoints />
              <MethodPoint xsi:type="SequencePoint" vc="2" uspid="38" ordinal="0" offset="0" sl="20" sc="9" el="20" ec="10" bec="0" bev="0" fileid="5" />
            </Method>
            <Method visited="true" cyclomaticComplexity="2" sequenceCoverage="87.5" branchCoverage="66.67" isConstructor="false" isStatic="false" isGetter="false" isSetter="false">
              <Summary numSequencePoints="8" visitedSequencePoints="7" numBranchPoints="3" visitedBranchPoints="2" sequenceCoverage="87.5" branchCoverage="66.67" maxCyclomaticComplexity="2" minCyclomaticComplexity="2" />
              <MetadataToken>100663316</MetadataToken>
              <Name>System.Void Selenium_SpecFlow.Support.SeleniumController::Start()</Name>
              <FileRef uid="5" />
              <SequencePoints>
                <SequencePoint vc="1" uspid="41" ordinal="0" offset="0" sl="27" sc="9" el="27" ec="10" bec="0" bev="0" fileid="5" />
                <SequencePoint vc="1" uspid="42" ordinal="1" offset="1" sl="28" sc="13" el="28" ec="34" bec="2" bev="1" fileid="5" />
                <SequencePoint vc="0" uspid="43" ordinal="2" offset="14" sl="29" sc="17" el="29" ec="24" bec="0" bev="0" fileid="5" />
                <SequencePoint vc="1" uspid="44" ordinal="3" offset="16" sl="31" sc="13" el="31" ec="69" bec="0" bev="0" fileid="5" />
                <SequencePoint vc="1" uspid="45" ordinal="4" offset="32" sl="33" sc="13" el="33" ec="44" bec="0" bev="0" fileid="5" />
                <SequencePoint vc="1" uspid="46" ordinal="5" offset="44" sl="35" sc="13" el="35" ec="73" bec="0" bev="0" fileid="5" />
                <SequencePoint vc="1" uspid="47" ordinal="6" offset="71" sl="39" sc="13" el="39" ec="39" bec="0" bev="0" fileid="5" />
                <SequencePoint vc="1" uspid="48" ordinal="7" offset="83" sl="40" sc="9" el="40" ec="10" bec="0" bev="0" fileid="5" />
              </SequencePoints>
              <BranchPoints>
                <BranchPoint vc="0" uspid="49" ordinal="0" offset="12" sl="28" path="0" offsetchain="14" offsetend="83" fileid="5" />
                <BranchPoint vc="1" uspid="50" ordinal="1" offset="12" sl="28" path="1" offsetend="16" fileid="5" />
              </BranchPoints>
              <MethodPoint xsi:type="SequencePoint" vc="1" uspid="41" ordinal="0" offset="0" sl="27" sc="9" el="27" ec="10" bec="0" bev="0" fileid="5" />
            </Method>
            <Method visited="true" cyclomaticComplexity="2" sequenceCoverage="71.43" branchCoverage="100" isConstructor="false" isStatic="false" isGetter="false" isSetter="false">
              <Summary numSequencePoints="14" visitedSequencePoints="10" numBranchPoints="3" visitedBranchPoints="3" sequenceCoverage="71.43" branchCoverage="100" maxCyclomaticComplexity="2" minCyclomaticComplexity="2" />
              <MetadataToken>100663317</MetadataToken>
              <Name>System.Void Selenium_SpecFlow.Support.SeleniumController::Stop()</Name>
              <FileRef uid="5" />
              <SequencePoints>
                <SequencePoint vc="2" uspid="51" ordinal="0" offset="0" sl="43" sc="9" el="43" ec="10" bec="0" bev="0" fileid="5" />
                <SequencePoint vc="2" uspid="52" ordinal="1" offset="1" sl="44" sc="13" el="44" ec="34" bec="2" bev="2" fileid="5" />
                <SequencePoint vc="1" uspid="53" ordinal="2" offset="17" sl="45" sc="17" el="45" ec="24" bec="0" bev="0" fileid="5" />
                <SequencePoint vc="1" uspid="54" ordinal="3" offset="19" sl="48" sc="13" el="48" ec="14" bec="0" bev="0" fileid="5" />
                <SequencePoint vc="1" uspid="55" ordinal="4" offset="20" sl="49" sc="17" el="49" ec="33" bec="0" bev="0" fileid="5" />
                <SequencePoint vc="1" uspid="56" ordinal="5" offset="32" sl="50" sc="17" el="50" ec="36" bec="0" bev="0" fileid="5" />
                <SequencePoint vc="1" uspid="57" ordinal="6" offset="44" sl="53" sc="13" el="53" ec="14" bec="0" bev="0" fileid="5" />
                <SequencePoint vc="0" uspid="58" ordinal="7" offset="47" sl="54" sc="13" el="54" ec="33" bec="0" bev="0" fileid="5" />
                <SequencePoint vc="0" uspid="59" ordinal="8" offset="48" sl="55" sc="13" el="55" ec="14" bec="0" bev="0" fileid="5" />
                <SequencePoint vc="0" uspid="60" ordinal="9" offset="49" sl="56" sc="17" el="56" ec="60" bec="0" bev="0" fileid="5" />
                <SequencePoint vc="0" uspid="61" ordinal="10" offset="61" sl="57" sc="13" el="57" ec="14" bec="0" bev="0" fileid="5" />
                <SequencePoint vc="1" uspid="62" ordinal="11" offset="65" sl="58" sc="13" el="58" ec="29" bec="0" bev="0" fileid="5" />
                <SequencePoint vc="1" uspid="63" ordinal="12" offset="73" sl="59" sc="13" el="59" ec="39" bec="0" bev="0" fileid="5" />
                <SequencePoint vc="2" uspid="64" ordinal="13" offset="85" sl="60" sc="9" el="60" ec="10" bec="0" bev="0" fileid="5" />
              </SequencePoints>
              <BranchPoints>
                <BranchPoint vc="1" uspid="65" ordinal="0" offset="15" sl="44" path="0" offsetchain="17" offsetend="85" fileid="5" />
                <BranchPoint vc="1" uspid="66" ordinal="1" offset="15" sl="44" path="1" offsetend="19" fileid="5" />
              </BranchPoints>
              <MethodPoint xsi:type="SequencePoint" vc="2" uspid="51" ordinal="0" offset="0" sl="43" sc="9" el="43" ec="10" bec="0" bev="0" fileid="5" />
            </Method>
            <Method visited="true" cyclomaticComplexity="1" sequenceCoverage="0" branchCoverage="0" isConstructor="true" isStatic="false" isGetter="false" isSetter="false">
              <Summary numSequencePoints="0" visitedSequencePoints="0" numBranchPoints="0" visitedBranchPoints="0" sequenceCoverage="0" branchCoverage="0" maxCyclomaticComplexity="1" minCyclomaticComplexity="1" />
              <MetadataToken>100663318</MetadataToken>
              <Name>System.Void Selenium_SpecFlow.Support.SeleniumController::.ctor()</Name>
              <SequencePoints />
              <BranchPoints />
              <MethodPoint vc="1" uspid="67" ordinal="0" offset="0" />
            </Method>
            <Method visited="true" cyclomaticComplexity="1" sequenceCoverage="100" branchCoverage="100" isConstructor="true" isStatic="true" isGetter="false" isSetter="false">
              <Summary numSequencePoints="2" visitedSequencePoints="2" numBranchPoints="1" visitedBranchPoints="1" sequenceCoverage="100" branchCoverage="100" maxCyclomaticComplexity="1" minCyclomaticComplexity="1" />
              <MetadataToken>100663319</MetadataToken>
              <Name>System.Void Selenium_SpecFlow.Support.SeleniumController::.cctor()</Name>
              <FileRef uid="5" />
              <SequencePoints>
                <SequencePoint vc="1" uspid="68" ordinal="0" offset="0" sl="15" sc="9" el="15" ec="78" bec="0" bev="0" fileid="5" />
                <SequencePoint vc="1" uspid="69" ordinal="1" offset="10" sl="24" sc="9" el="24" ec="83" bec="0" bev="0" fileid="5" />
              </SequencePoints>
              <BranchPoints />
              <MethodPoint xsi:type="SequencePoint" vc="1" uspid="68" ordinal="0" offset="0" sl="15" sc="9" el="15" ec="78" bec="0" bev="0" fileid="5" />
            </Method>
          </Methods>
        </Class>
        <Class>
          <Summary numSequencePoints="13" visitedSequencePoints="13" numBranchPoints="6" visitedBranchPoints="5" sequenceCoverage="100" branchCoverage="83.33" maxCyclomaticComplexity="2" minCyclomaticComplexity="1" />
          <FullName>Selenium_SpecFlow.Support.SeleniumSupport</FullName>
          <Methods>
            <Method visited="true" cyclomaticComplexity="1" sequenceCoverage="100" branchCoverage="100" isConstructor="false" isStatic="true" isGetter="true" isSetter="false">
              <Summary numSequencePoints="3" visitedSequencePoints="3" numBranchPoints="1" visitedBranchPoints="1" sequenceCoverage="100" branchCoverage="100" maxCyclomaticComplexity="1" minCyclomaticComplexity="1" />
              <MetadataToken>100663320</MetadataToken>
              <Name>System.Boolean Selenium_SpecFlow.Support.SeleniumSupport::get_ReuseWebSession()</Name>
              <FileRef uid="6" />
              <SequencePoints>
                <SequencePoint vc="1" uspid="70" ordinal="0" offset="0" sl="16" sc="17" el="16" ec="18" bec="0" bev="0" fileid="6" />
                <SequencePoint vc="1" uspid="71" ordinal="1" offset="1" sl="16" sc="19" el="16" ec="88" bec="0" bev="0" fileid="6" />
                <SequencePoint vc="1" uspid="72" ordinal="2" offset="29" sl="16" sc="89" el="16" ec="90" bec="0" bev="0" fileid="6" />
              </SequencePoints>
              <BranchPoints />
              <MethodPoint xsi:type="SequencePoint" vc="1" uspid="70" ordinal="0" offset="0" sl="16" sc="17" el="16" ec="18" bec="0" bev="0" fileid="6" />
            </Method>
            <Method visited="true" cyclomaticComplexity="1" sequenceCoverage="100" branchCoverage="100" isConstructor="false" isStatic="true" isGetter="false" isSetter="false">
              <Summary numSequencePoints="3" visitedSequencePoints="3" numBranchPoints="1" visitedBranchPoints="1" sequenceCoverage="100" branchCoverage="100" maxCyclomaticComplexity="1" minCyclomaticComplexity="1" />
              <MetadataToken>100663321</MetadataToken>
              <Name>System.Void Selenium_SpecFlow.Support.SeleniumSupport::BeforeWebScenario()</Name>
              <FileRef uid="6" />
              <SequencePoints>
                <SequencePoint vc="1" uspid="73" ordinal="0" offset="0" sl="21" sc="9" el="21" ec="10" bec="0" bev="0" fileid="6" />
                <SequencePoint vc="1" uspid="74" ordinal="1" offset="1" sl="22" sc="13" el="22" ec="49" bec="0" bev="0" fileid="6" />
                <SequencePoint vc="1" uspid="75" ordinal="2" offset="12" sl="23" sc="9" el="23" ec="10" bec="0" bev="0" fileid="6" />
              </SequencePoints>
              <BranchPoints />
              <MethodPoint xsi:type="SequencePoint" vc="1" uspid="73" ordinal="0" offset="0" sl="21" sc="9" el="21" ec="10" bec="0" bev="0" fileid="6" />
            </Method>
            <Method visited="true" cyclomaticComplexity="2" sequenceCoverage="100" branchCoverage="66.67" isConstructor="false" isStatic="true" isGetter="false" isSetter="false">
              <Summary numSequencePoints="4" visitedSequencePoints="4" numBranchPoints="3" visitedBranchPoints="2" sequenceCoverage="100" branchCoverage="66.67" maxCyclomaticComplexity="2" minCyclomaticComplexity="2" />
              <MetadataToken>100663322</MetadataToken>
              <Name>System.Void Selenium_SpecFlow.Support.SeleniumSupport::AfterWebScenario()</Name>
              <FileRef uid="6" />
              <SequencePoints>
                <SequencePoint vc="1" uspid="76" ordinal="0" offset="0" sl="27" sc="9" el="27" ec="10" bec="0" bev="0" fileid="6" />
                <SequencePoint vc="1" uspid="77" ordinal="1" offset="1" sl="28" sc="13" el="28" ec="34" bec="2" bev="1" fileid="6" />
                <SequencePoint vc="1" uspid="78" ordinal="2" offset="10" sl="29" sc="17" el="29" ec="52" bec="0" bev="0" fileid="6" />
                <SequencePoint vc="1" uspid="79" ordinal="3" offset="21" sl="30" sc="9" el="30" ec="10" bec="0" bev="0" fileid="6" />
              </SequencePoints>
              <BranchPoints>
                <BranchPoint vc="1" uspid="80" ordinal="0" offset="8" sl="28" path="0" offsetend="10" fileid="6" />
                <BranchPoint vc="0" uspid="81" ordinal="1" offset="8" sl="28" path="1" offsetend="21" fileid="6" />
              </BranchPoints>
              <MethodPoint xsi:type="SequencePoint" vc="1" uspid="76" ordinal="0" offset="0" sl="27" sc="9" el="27" ec="10" bec="0" bev="0" fileid="6" />
            </Method>
            <Method visited="true" cyclomaticComplexity="1" sequenceCoverage="100" branchCoverage="100" isConstructor="false" isStatic="true" isGetter="false" isSetter="false">
              <Summary numSequencePoints="3" visitedSequencePoints="3" numBranchPoints="1" visitedBranchPoints="1" sequenceCoverage="100" branchCoverage="100" maxCyclomaticComplexity="1" minCyclomaticComplexity="1" />
              <MetadataToken>100663323</MetadataToken>
              <Name>System.Void Selenium_SpecFlow.Support.SeleniumSupport::AfterWebFeature()</Name>
              <FileRef uid="6" />
              <SequencePoints>
                <SequencePoint vc="1" uspid="82" ordinal="0" offset="0" sl="35" sc="9" el="35" ec="10" bec="0" bev="0" fileid="6" />
                <SequencePoint vc="1" uspid="83" ordinal="1" offset="1" sl="36" sc="13" el="36" ec="48" bec="0" bev="0" fileid="6" />
                <SequencePoint vc="1" uspid="84" ordinal="2" offset="12" sl="37" sc="9" el="37" ec="10" bec="0" bev="0" fileid="6" />
              </SequencePoints>
              <BranchPoints />
              <MethodPoint xsi:type="SequencePoint" vc="1" uspid="82" ordinal="0" offset="0" sl="35" sc="9" el="35" ec="10" bec="0" bev="0" fileid="6" />
            </Method>
          </Methods>
        </Class>
        <Class>
          <Summary numSequencePoints="45" visitedSequencePoints="23" numBranchPoints="17" visitedBranchPoints="7" sequenceCoverage="51.11" branchCoverage="41.18" maxCyclomaticComplexity="3" minCyclomaticComplexity="1" />
          <FullName>Selenium_SpecFlow.Support.WebDriverExtensions</FullName>
          <Methods>
            <Method visited="false" cyclomaticComplexity="1" sequenceCoverage="0" branchCoverage="0" isConstructor="false" isStatic="true" isGetter="false" isSetter="false">
              <Summary numSequencePoints="4" visitedSequencePoints="0" numBranchPoints="1" visitedBranchPoints="0" sequenceCoverage="0" branchCoverage="0" maxCyclomaticComplexity="1" minCyclomaticComplexity="1" />
              <MetadataToken>100663324</MetadataToken>
              <Name>System.String Selenium_SpecFlow.Support.WebDriverExtensions::GetTextBoxValue(OpenQA.Selenium.IWebDriver,System.String)</Name>
              <FileRef uid="7" />
              <SequencePoints>
                <SequencePoint vc="0" uspid="85" ordinal="0" offset="0" sl="15" sc="9" el="15" ec="10" bec="0" bev="0" fileid="7" />
                <SequencePoint vc="0" uspid="86" ordinal="1" offset="1" sl="16" sc="13" el="16" ec="67" bec="0" bev="0" fileid="7" />
                <SequencePoint vc="0" uspid="87" ordinal="2" offset="9" sl="18" sc="13" el="18" ec="50" bec="0" bev="0" fileid="7" />
                <SequencePoint vc="0" uspid="88" ordinal="3" offset="23" sl="19" sc="9" el="19" ec="10" bec="0" bev="0" fileid="7" />
              </SequencePoints>
              <BranchPoints />
              <MethodPoint xsi:type="SequencePoint" vc="0" uspid="85" ordinal="0" offset="0" sl="15" sc="9" el="15" ec="10" bec="0" bev="0" fileid="7" />
            </Method>
            <Method visited="true" cyclomaticComplexity="3" sequenceCoverage="63.64" branchCoverage="40" isConstructor="false" isStatic="true" isGetter="false" isSetter="false">
              <Summary numSequencePoints="11" visitedSequencePoints="7" numBranchPoints="5" visitedBranchPoints="2" sequenceCoverage="63.64" branchCoverage="40" maxCyclomaticComplexity="3" minCyclomaticComplexity="3" />
              <MetadataToken>100663325</MetadataToken>
              <Name>System.Void Selenium_SpecFlow.Support.WebDriverExtensions::SetTextBoxValue(OpenQA.Selenium.IWebDriver,System.String,System.String)</Name>
              <FileRef uid="7" />
              <SequencePoints>
                <SequencePoint vc="2" uspid="89" ordinal="0" offset="8" sl="22" sc="9" el="22" ec="10" bec="0" bev="0" fileid="7" />
                <SequencePoint vc="2" uspid="90" ordinal="1" offset="9" sl="23" sc="13" el="23" ec="59" bec="0" bev="0" fileid="7" />
                <SequencePoint vc="2" uspid="91" ordinal="2" offset="22" sl="24" sc="13" el="24" ec="86" bec="0" bev="0" fileid="7" />
                <SequencePoint vc="2" uspid="92" ordinal="3" offset="34" sl="25" sc="13" el="25" ec="70" bec="2" bev="1" fileid="7" />
                <SequencePoint vc="0" uspid="93" ordinal="4" offset="59" sl="26" sc="13" el="26" ec="14" bec="0" bev="0" fileid="7" />
                <SequencePoint vc="0" uspid="94" ordinal="5" offset="60" sl="27" sc="17" el="27" ec="33" bec="0" bev="0" fileid="7" />
                <SequencePoint vc="0" uspid="95" ordinal="6" offset="72" sl="28" sc="17" el="28" ec="86" bec="2" bev="0" fileid="7" />
                <SequencePoint vc="0" uspid="96" ordinal="7" offset="98" sl="29" sc="13" el="29" ec="14" bec="0" bev="0" fileid="7" />
                <SequencePoint vc="2" uspid="97" ordinal="8" offset="99" sl="31" sc="13" el="31" ec="37" bec="0" bev="0" fileid="7" />
                <SequencePoint vc="2" uspid="98" ordinal="9" offset="112" sl="33" sc="13" el="33" ec="48" bec="0" bev="0" fileid="7" />
                <SequencePoint vc="2" uspid="99" ordinal="10" offset="120" sl="34" sc="9" el="34" ec="10" bec="0" bev="0" fileid="7" />
              </SequencePoints>
              <BranchPoints>
                <BranchPoint vc="0" uspid="100" ordinal="0" offset="57" sl="25" path="0" offsetend="59" fileid="7" />
                <BranchPoint vc="2" uspid="101" ordinal="1" offset="57" sl="25" path="1" offsetend="99" fileid="7" />
                <BranchPoint vc="0" uspid="102" ordinal="2" offset="74" sl="28" path="0" offsetend="76" fileid="7" />
                <BranchPoint vc="0" uspid="103" ordinal="3" offset="74" sl="28" path="1" offsetend="91" fileid="7" />
              </BranchPoints>
              <MethodPoint vc="2" uspid="104" ordinal="0" offset="0" />
            </Method>
            <Method visited="false" cyclomaticComplexity="2" sequenceCoverage="0" branchCoverage="0" isConstructor="false" isStatic="true" isGetter="false" isSetter="false">
              <Summary numSequencePoints="5" visitedSequencePoints="0" numBranchPoints="3" visitedBranchPoints="0" sequenceCoverage="0" branchCoverage="0" maxCyclomaticComplexity="2" minCyclomaticComplexity="2" />
              <MetadataToken>100663326</MetadataToken>
              <Name>System.Void Selenium_SpecFlow.Support.WebDriverExtensions::SubmitForm(OpenQA.Selenium.IWebDriver,System.String)</Name>
              <FileRef uid="7" />
              <SequencePoints>
                <SequencePoint vc="0" uspid="105" ordinal="0" offset="0" sl="37" sc="9" el="37" ec="10" bec="0" bev="0" fileid="7" />
                <SequencePoint vc="0" uspid="106" ordinal="1" offset="1" sl="38" sc="13" el="38" ec="104" bec="2" bev="0" fileid="7" />
                <SequencePoint vc="0" uspid="107" ordinal="2" offset="31" sl="39" sc="13" el="39" ec="27" bec="0" bev="0" fileid="7" />
                <SequencePoint vc="0" uspid="108" ordinal="3" offset="38" sl="40" sc="13" el="40" ec="48" bec="0" bev="0" fileid="7" />
                <SequencePoint vc="0" uspid="109" ordinal="4" offset="46" sl="41" sc="9" el="41" ec="10" bec="0" bev="0" fileid="7" />
              </SequencePoints>
              <BranchPoints>
                <BranchPoint vc="0" uspid="110" ordinal="0" offset="2" sl="38" path="0" offsetend="4" fileid="7" />
                <BranchPoint vc="0" uspid="111" ordinal="1" offset="2" sl="38" path="1" offsetend="23" fileid="7" />
              </BranchPoints>
              <MethodPoint xsi:type="SequencePoint" vc="0" uspid="105" ordinal="0" offset="0" sl="37" sc="9" el="37" ec="10" bec="0" bev="0" fileid="7" />
            </Method>
            <Method visited="true" cyclomaticComplexity="1" sequenceCoverage="100" branchCoverage="100" isConstructor="false" isStatic="true" isGetter="false" isSetter="false">
              <Summary numSequencePoints="3" visitedSequencePoints="3" numBranchPoints="1" visitedBranchPoints="1" sequenceCoverage="100" branchCoverage="100" maxCyclomaticComplexity="1" minCyclomaticComplexity="1" />
              <MetadataToken>100663327</MetadataToken>
              <Name>System.Void Selenium_SpecFlow.Support.WebDriverExtensions::ClickButton(OpenQA.Selenium.IWebDriver,System.String)</Name>
              <FileRef uid="7" />
              <SequencePoints>
                <SequencePoint vc="1" uspid="112" ordinal="0" offset="0" sl="44" sc="9" el="44" ec="10" bec="0" bev="0" fileid="7" />
                <SequencePoint vc="1" uspid="113" ordinal="1" offset="1" sl="45" sc="13" el="45" ec="71" bec="0" bev="0" fileid="7" />
                <SequencePoint vc="1" uspid="114" ordinal="2" offset="24" sl="46" sc="9" el="46" ec="10" bec="0" bev="0" fileid="7" />
              </SequencePoints>
              <BranchPoints />
              <MethodPoint xsi:type="SequencePoint" vc="1" uspid="112" ordinal="0" offset="0" sl="44" sc="9" el="44" ec="10" bec="0" bev="0" fileid="7" />
            </Method>
            <Method visited="true" cyclomaticComplexity="1" sequenceCoverage="100" branchCoverage="100" isConstructor="false" isStatic="true" isGetter="false" isSetter="false">
              <Summary numSequencePoints="3" visitedSequencePoints="3" numBranchPoints="1" visitedBranchPoints="1" sequenceCoverage="100" branchCoverage="100" maxCyclomaticComplexity="1" minCyclomaticComplexity="1" />
              <MetadataToken>100663328</MetadataToken>
              <Name>System.Void Selenium_SpecFlow.Support.WebDriverExtensions::ClickButtonId(OpenQA.Selenium.IWebDriver,System.String)</Name>
              <FileRef uid="7" />
              <SequencePoints>
                <SequencePoint vc="1" uspid="115" ordinal="0" offset="0" sl="49" sc="9" el="49" ec="10" bec="0" bev="0" fileid="7" />
                <SequencePoint vc="1" uspid="116" ordinal="1" offset="1" sl="50" sc="13" el="50" ec="69" bec="0" bev="0" fileid="7" />
                <SequencePoint vc="1" uspid="117" ordinal="2" offset="24" sl="51" sc="9" el="51" ec="10" bec="0" bev="0" fileid="7" />
              </SequencePoints>
              <BranchPoints />
              <MethodPoint xsi:type="SequencePoint" vc="1" uspid="115" ordinal="0" offset="0" sl="49" sc="9" el="49" ec="10" bec="0" bev="0" fileid="7" />
            </Method>
            <Method visited="true" cyclomaticComplexity="1" sequenceCoverage="100" branchCoverage="100" isConstructor="false" isStatic="true" isGetter="false" isSetter="false">
              <Summary numSequencePoints="4" visitedSequencePoints="4" numBranchPoints="1" visitedBranchPoints="1" sequenceCoverage="100" branchCoverage="100" maxCyclomaticComplexity="1" minCyclomaticComplexity="1" />
              <MetadataToken>100663329</MetadataToken>
              <Name>OpenQA.Selenium.IWebElement Selenium_SpecFlow.Support.WebDriverExtensions::GetFieldControl(OpenQA.Selenium.IWebDriver,System.String)</Name>
              <FileRef uid="7" />
              <SequencePoints>
                <SequencePoint vc="2" uspid="118" ordinal="0" offset="0" sl="54" sc="9" el="54" ec="10" bec="0" bev="0" fileid="7" />
                <SequencePoint vc="2" uspid="119" ordinal="1" offset="1" sl="55" sc="13" el="55" ec="41" bec="0" bev="0" fileid="7" />
                <SequencePoint vc="2" uspid="120" ordinal="2" offset="8" sl="56" sc="13" el="56" ec="51" bec="0" bev="0" fileid="7" />
                <SequencePoint vc="2" uspid="121" ordinal="3" offset="23" sl="57" sc="9" el="57" ec="10" bec="0" bev="0" fileid="7" />
              </SequencePoints>
              <BranchPoints />
              <MethodPoint xsi:type="SequencePoint" vc="2" uspid="118" ordinal="0" offset="0" sl="54" sc="9" el="54" ec="10" bec="0" bev="0" fileid="7" />
            </Method>
            <Method visited="true" cyclomaticComplexity="1" sequenceCoverage="100" branchCoverage="100" isConstructor="false" isStatic="true" isGetter="false" isSetter="false">
              <Summary numSequencePoints="3" visitedSequencePoints="3" numBranchPoints="1" visitedBranchPoints="1" sequenceCoverage="100" branchCoverage="100" maxCyclomaticComplexity="1" minCyclomaticComplexity="1" />
              <MetadataToken>100663330</MetadataToken>
              <Name>OpenQA.Selenium.IWebElement Selenium_SpecFlow.Support.WebDriverExtensions::GetForm(OpenQA.Selenium.IWebDriver)</Name>
              <FileRef uid="7" />
              <SequencePoints>
                <SequencePoint vc="2" uspid="122" ordinal="0" offset="0" sl="60" sc="9" el="60" ec="10" bec="0" bev="0" fileid="7" />
                <SequencePoint vc="2" uspid="123" ordinal="1" offset="1" sl="61" sc="13" el="61" ec="69" bec="0" bev="0" fileid="7" />
                <SequencePoint vc="2" uspid="124" ordinal="2" offset="25" sl="62" sc="9" el="62" ec="10" bec="0" bev="0" fileid="7" />
              </SequencePoints>
              <BranchPoints />
              <MethodPoint xsi:type="SequencePoint" vc="2" uspid="122" ordinal="0" offset="0" sl="60" sc="9" el="60" ec="10" bec="0" bev="0" fileid="7" />
            </Method>
            <Method visited="true" cyclomaticComplexity="1" sequenceCoverage="100" branchCoverage="100" isConstructor="false" isStatic="true" isGetter="false" isSetter="false">
              <Summary numSequencePoints="3" visitedSequencePoints="3" numBranchPoints="1" visitedBranchPoints="1" sequenceCoverage="100" branchCoverage="100" maxCyclomaticComplexity="1" minCyclomaticComplexity="1" />
              <MetadataToken>100663331</MetadataToken>
              <Name>System.Void Selenium_SpecFlow.Support.WebDriverExtensions::NavigateTo(OpenQA.Selenium.IWebDriver,System.String)</Name>
              <FileRef uid="7" />
              <SequencePoints>
                <SequencePoint vc="1" uspid="125" ordinal="0" offset="0" sl="65" sc="9" el="65" ec="10" bec="0" bev="0" fileid="7" />
                <SequencePoint vc="1" uspid="126" ordinal="1" offset="1" sl="66" sc="13" el="66" ec="115" bec="0" bev="0" fileid="7" />
                <SequencePoint vc="1" uspid="127" ordinal="2" offset="39" sl="67" sc="9" el="67" ec="10" bec="0" bev="0" fileid="7" />
              </SequencePoints>
              <BranchPoints />
              <MethodPoint xsi:type="SequencePoint" vc="1" uspid="125" ordinal="0" offset="0" sl="65" sc="9" el="65" ec="10" bec="0" bev="0" fileid="7" />
            </Method>
            <Method visited="false" cyclomaticComplexity="1" sequenceCoverage="0" branchCoverage="0" isConstructor="false" isStatic="true" isGetter="false" isSetter="false">
              <Summary numSequencePoints="3" visitedSequencePoints="0" numBranchPoints="1" visitedBranchPoints="0" sequenceCoverage="0" branchCoverage="0" maxCyclomaticComplexity="1" minCyclomaticComplexity="1" />
              <MetadataToken>100663332</MetadataToken>
              <Name>System.String Selenium_SpecFlow.Support.WebDriverExtensions::GetFullAbsoluteUri(OpenQA.Selenium.IWebDriver,System.String)</Name>
              <FileRef uid="7" />
              <SequencePoints>
                <SequencePoint vc="0" uspid="128" ordinal="0" offset="0" sl="70" sc="9" el="70" ec="10" bec="0" bev="0" fileid="7" />
                <SequencePoint vc="0" uspid="129" ordinal="1" offset="1" sl="71" sc="13" el="71" ec="108" bec="0" bev="0" fileid="7" />
                <SequencePoint vc="0" uspid="130" ordinal="2" offset="35" sl="72" sc="9" el="72" ec="10" bec="0" bev="0" fileid="7" />
              </SequencePoints>
              <BranchPoints />
              <MethodPoint xsi:type="SequencePoint" vc="0" uspid="128" ordinal="0" offset="0" sl="70" sc="9" el="70" ec="10" bec="0" bev="0" fileid="7" />
            </Method>
            <Method visited="false" cyclomaticComplexity="1" sequenceCoverage="0" branchCoverage="0" isConstructor="false" isStatic="true" isGetter="false" isSetter="false">
              <Summary numSequencePoints="3" visitedSequencePoints="0" numBranchPoints="1" visitedBranchPoints="0" sequenceCoverage="0" branchCoverage="0" maxCyclomaticComplexity="1" minCyclomaticComplexity="1" />
              <MetadataToken>100663333</MetadataToken>
              <Name>Selenium_SpecFlow.Support.WebDriverExtensions/DropDown Selenium_SpecFlow.Support.WebDriverExtensions::GetDropDown(OpenQA.Selenium.IWebDriver,System.String)</Name>
              <FileRef uid="7" />
              <SequencePoints>
                <SequencePoint vc="0" uspid="131" ordinal="0" offset="0" sl="75" sc="9" el="75" ec="10" bec="0" bev="0" fileid="7" />
                <SequencePoint vc="0" uspid="132" ordinal="1" offset="1" sl="76" sc="13" el="76" ec="64" bec="0" bev="0" fileid="7" />
                <SequencePoint vc="0" uspid="133" ordinal="2" offset="21" sl="77" sc="9" el="77" ec="10" bec="0" bev="0" fileid="7" />
              </SequencePoints>
              <BranchPoints />
              <MethodPoint xsi:type="SequencePoint" vc="0" uspid="131" ordinal="0" offset="0" sl="75" sc="9" el="75" ec="10" bec="0" bev="0" fileid="7" />
            </Method>
            <Method visited="false" cyclomaticComplexity="1" sequenceCoverage="0" branchCoverage="0" isConstructor="false" isStatic="true" isGetter="false" isSetter="false">
              <Summary numSequencePoints="3" visitedSequencePoints="0" numBranchPoints="1" visitedBranchPoints="0" sequenceCoverage="0" branchCoverage="0" maxCyclomaticComplexity="1" minCyclomaticComplexity="1" />
              <MetadataToken>100663334</MetadataToken>
              <Name>Selenium_SpecFlow.Support.WebDriverExtensions/DropDown Selenium_SpecFlow.Support.WebDriverExtensions::AsDropDown(OpenQA.Selenium.IWebElement)</Name>
              <FileRef uid="7" />
              <SequencePoints>
                <SequencePoint vc="0" uspid="134" ordinal="0" offset="0" sl="80" sc="9" el="80" ec="10" bec="0" bev="0" fileid="7" />
                <SequencePoint vc="0" uspid="135" ordinal="1" offset="1" sl="81" sc="13" el="81" ec="36" bec="0" bev="0" fileid="7" />
                <SequencePoint vc="0" uspid="136" ordinal="2" offset="10" sl="82" sc="9" el="82" ec="10" bec="0" bev="0" fileid="7" />
              </SequencePoints>
              <BranchPoints />
              <MethodPoint xsi:type="SequencePoint" vc="0" uspid="134" ordinal="0" offset="0" sl="80" sc="9" el="80" ec="10" bec="0" bev="0" fileid="7" />
            </Method>
          </Methods>
        </Class>
        <Class>
          <Summary numSequencePoints="16" visitedSequencePoints="0" numBranchPoints="10" visitedBranchPoints="0" sequenceCoverage="0" branchCoverage="0" maxCyclomaticComplexity="3" minCyclomaticComplexity="1" />
          <FullName>Selenium_SpecFlow.Support.WebDriverExtensions/DropDown</FullName>
          <Methods>
            <Method visited="false" cyclomaticComplexity="3" sequenceCoverage="0" branchCoverage="0" isConstructor="false" isStatic="false" isGetter="true" isSetter="false">
              <Summary numSequencePoints="6" visitedSequencePoints="0" numBranchPoints="5" visitedBranchPoints="0" sequenceCoverage="0" branchCoverage="0" maxCyclomaticComplexity="3" minCyclomaticComplexity="3" />
              <MetadataToken>100663336</MetadataToken>
              <Name>System.String Selenium_SpecFlow.Support.WebDriverExtensions/DropDown::get_SelectedValue()</Name>
              <FileRef uid="7" />
              <SequencePoints>
                <SequencePoint vc="0" uspid="137" ordinal="0" offset="0" sl="99" sc="17" el="99" ec="18" bec="0" bev="0" fileid="7" />
                <SequencePoint vc="0" uspid="138" ordinal="1" offset="1" sl="100" sc="21" el="100" ec="126" bec="2" bev="0" fileid="7" />
                <SequencePoint vc="0" uspid="139" ordinal="2" offset="64" sl="101" sc="21" el="101" ec="48" bec="2" bev="0" fileid="7" />
                <SequencePoint vc="0" uspid="140" ordinal="3" offset="75" sl="102" sc="25" el="102" ec="37" bec="0" bev="0" fileid="7" />
                <SequencePoint vc="0" uspid="141" ordinal="4" offset="79" sl="104" sc="21" el="104" ec="65" bec="0" bev="0" fileid="7" />
                <SequencePoint vc="0" uspid="142" ordinal="5" offset="93" sl="106" sc="17" el="106" ec="18" bec="0" bev="0" fileid="7" />
              </SequencePoints>
              <BranchPoints>
                <BranchPoint vc="0" uspid="143" ordinal="0" offset="27" sl="100" path="0" offsetend="29" fileid="7" />
                <BranchPoint vc="0" uspid="144" ordinal="1" offset="27" sl="100" path="1" offsetend="48" fileid="7" />
                <BranchPoint vc="0" uspid="145" ordinal="2" offset="73" sl="101" path="0" offsetend="75" fileid="7" />
                <BranchPoint vc="0" uspid="146" ordinal="3" offset="73" sl="101" path="1" offsetend="79" fileid="7" />
              </BranchPoints>
              <MethodPoint xsi:type="SequencePoint" vc="0" uspid="137" ordinal="0" offset="0" sl="99" sc="17" el="99" ec="18" bec="0" bev="0" fileid="7" />
            </Method>
            <Method visited="false" cyclomaticComplexity="1" sequenceCoverage="0" branchCoverage="0" isConstructor="false" isStatic="false" isGetter="false" isSetter="true">
              <Summary numSequencePoints="3" visitedSequencePoints="0" numBranchPoints="1" visitedBranchPoints="0" sequenceCoverage="0" branchCoverage="0" maxCyclomaticComplexity="1" minCyclomaticComplexity="1" />
              <MetadataToken>100663337</MetadataToken>
              <Name>System.Void Selenium_SpecFlow.Support.WebDriverExtensions/DropDown::set_SelectedValue(System.String)</Name>
              <FileRef uid="7" />
              <SequencePoints>
                <SequencePoint vc="0" uspid="147" ordinal="0" offset="0" sl="108" sc="17" el="108" ec="18" bec="0" bev="0" fileid="7" />
                <SequencePoint vc="0" uspid="148" ordinal="1" offset="1" sl="109" sc="21" el="109" ec="70" bec="0" bev="0" fileid="7" />
                <SequencePoint vc="0" uspid="149" ordinal="2" offset="19" sl="110" sc="17" el="110" ec="18" bec="0" bev="0" fileid="7" />
              </SequencePoints>
              <BranchPoints />
              <MethodPoint xsi:type="SequencePoint" vc="0" uspid="147" ordinal="0" offset="0" sl="108" sc="17" el="108" ec="18" bec="0" bev="0" fileid="7" />
            </Method>
            <Method visited="false" cyclomaticComplexity="2" sequenceCoverage="0" branchCoverage="0" isConstructor="true" isStatic="false" isGetter="false" isSetter="false">
              <Summary numSequencePoints="6" visitedSequencePoints="0" numBranchPoints="3" visitedBranchPoints="0" sequenceCoverage="0" branchCoverage="0" maxCyclomaticComplexity="2" minCyclomaticComplexity="2" />
              <MetadataToken>100663335</MetadataToken>
              <Name>System.Void Selenium_SpecFlow.Support.WebDriverExtensions/DropDown::.ctor(OpenQA.Selenium.IWebElement)</Name>
              <FileRef uid="7" />
              <SequencePoints>
                <SequencePoint vc="0" uspid="150" ordinal="0" offset="0" sl="88" sc="13" el="88" ec="50" bec="0" bev="0" fileid="7" />
                <SequencePoint vc="0" uspid="151" ordinal="1" offset="7" sl="89" sc="13" el="89" ec="14" bec="0" bev="0" fileid="7" />
                <SequencePoint vc="0" uspid="152" ordinal="2" offset="8" sl="90" sc="17" el="90" ec="42" bec="0" bev="0" fileid="7" />
                <SequencePoint vc="0" uspid="153" ordinal="3" offset="15" sl="92" sc="17" el="92" ec="50" bec="2" bev="0" fileid="7" />
                <SequencePoint vc="0" uspid="154" ordinal="4" offset="38" sl="93" sc="21" el="93" ec="77" bec="0" bev="0" fileid="7" />
                <SequencePoint vc="0" uspid="155" ordinal="5" offset="49" sl="94" sc="13" el="94" ec="14" bec="0" bev="0" fileid="7" />
              </SequencePoints>
              <BranchPoints>
                <BranchPoint vc="0" uspid="156" ordinal="0" offset="36" sl="92" path="0" offsetend="38" fileid="7" />
                <BranchPoint vc="0" uspid="157" ordinal="1" offset="36" sl="92" path="1" offsetend="49" fileid="7" />
              </BranchPoints>
              <MethodPoint xsi:type="SequencePoint" vc="0" uspid="150" ordinal="0" offset="0" sl="88" sc="13" el="88" ec="50" bec="0" bev="0" fileid="7" />
            </Method>
            <Method visited="false" cyclomaticComplexity="1" sequenceCoverage="0" branchCoverage="0" isConstructor="false" isStatic="true" isGetter="false" isSetter="false">
              <Summary numSequencePoints="1" visitedSequencePoints="0" numBranchPoints="1" visitedBranchPoints="0" sequenceCoverage="0" branchCoverage="0" maxCyclomaticComplexity="1" minCyclomaticComplexity="1" />
              <MetadataToken>100663338</MetadataToken>
              <Name>System.Boolean Selenium_SpecFlow.Support.WebDriverExtensions/DropDown::&lt;get_SelectedValue&gt;b__4(OpenQA.Selenium.IWebElement)</Name>
              <FileRef uid="7" />
              <SequencePoints>
                <SequencePoint vc="0" uspid="158" ordinal="0" offset="0" sl="100" sc="97" el="100" ec="107" bec="0" bev="0" fileid="7" />
              </SequencePoints>
              <BranchPoints />
              <MethodPoint xsi:type="SequencePoint" vc="0" uspid="158" ordinal="0" offset="0" sl="100" sc="97" el="100" ec="107" bec="0" bev="0" fileid="7" />
            </Method>
          </Methods>
        </Class>
        <Class>
          <Summary numSequencePoints="1" visitedSequencePoints="0" numBranchPoints="1" visitedBranchPoints="0" sequenceCoverage="0" branchCoverage="0" maxCyclomaticComplexity="1" minCyclomaticComplexity="1" />
          <FullName>Selenium_SpecFlow.Support.WebDriverExtensions/&lt;&gt;c__DisplayClass2</FullName>
          <Methods>
            <Method visited="true" cyclomaticComplexity="1" sequenceCoverage="0" branchCoverage="0" isConstructor="true" isStatic="false" isGetter="false" isSetter="false">
              <Summary numSequencePoints="0" visitedSequencePoints="0" numBranchPoints="0" visitedBranchPoints="0" sequenceCoverage="0" branchCoverage="0" maxCyclomaticComplexity="1" minCyclomaticComplexity="1" />
              <MetadataToken>100663339</MetadataToken>
              <Name>System.Void Selenium_SpecFlow.Support.WebDriverExtensions/&lt;&gt;c__DisplayClass2::.ctor()</Name>
              <SequencePoints />
              <BranchPoints />
              <MethodPoint vc="2" uspid="159" ordinal="0" offset="0" />
            </Method>
            <Method visited="false" cyclomaticComplexity="1" sequenceCoverage="0" branchCoverage="0" isConstructor="false" isStatic="false" isGetter="false" isSetter="false">
              <Summary numSequencePoints="1" visitedSequencePoints="0" numBranchPoints="1" visitedBranchPoints="0" sequenceCoverage="0" branchCoverage="0" maxCyclomaticComplexity="1" minCyclomaticComplexity="1" />
              <MetadataToken>100663340</MetadataToken>
              <Name>System.Boolean Selenium_SpecFlow.Support.WebDriverExtensions/&lt;&gt;c__DisplayClass2::&lt;SetTextBoxValue&gt;b__0(OpenQA.Selenium.IWebDriver)</Name>
              <FileRef uid="7" />
              <SequencePoints>
                <SequencePoint vc="0" uspid="160" ordinal="0" offset="0" sl="28" sc="33" el="28" ec="84" bec="0" bev="0" fileid="7" />
              </SequencePoints>
              <BranchPoints />
              <MethodPoint xsi:type="SequencePoint" vc="0" uspid="160" ordinal="0" offset="0" sl="28" sc="33" el="28" ec="84" bec="0" bev="0" fileid="7" />
            </Method>
          </Methods>
        </Class>
      </Classes>
    </Module>
    <Module skippedDueTo="MissingPdb" hash="4B-D6-D7-AD-B7-7B-F0-7C-CD-28-8F-3F-5F-53-4E-64-64-A0-62-B4">
      <FullName>C:\svn_git_local_copy\github\ShoppingListApp\master\visualstudio\ShoppingListApp.Web.UI.Test\ShoppingListApp.Web.UI.Test\bin\Debug\nunit.framework.dll</FullName>
      <ModuleName>nunit.framework</ModuleName>
      <Classes />
    </Module>
    <Module skippedDueTo="MissingPdb" hash="7D-3A-0C-32-32-6B-C8-F3-60-26-5D-54-39-7B-5D-E0-68-79-6A-DA">
      <FullName>C:\svn_git_local_copy\github\ShoppingListApp\master\visualstudio\ShoppingListApp.Web.UI.Test\ShoppingListApp.Web.UI.Test\bin\Debug\TechTalk.SpecFlow.dll</FullName>
      <ModuleName>TechTalk.SpecFlow</ModuleName>
      <Classes />
    </Module>
    <Module skippedDueTo="Filter" hash="24-C5-37-06-22-07-B7-4C-91-22-CC-AD-F3-D8-3C-92-47-66-A0-88">
      <FullName>C:\Windows\Microsoft.Net\assembly\GAC_MSIL\System.Core\v4.0_4.0.0.0__b77a5c561934e089\System.Core.dll</FullName>
      <ModuleName>System.Core</ModuleName>
      <Classes />
    </Module>
    <Module skippedDueTo="MissingPdb" hash="">
      <FullName>RefEmit_InMemoryManifestModule</FullName>
      <ModuleName>Anonymously Hosted DynamicMethods Assembly</ModuleName>
      <Classes />
    </Module>
    <Module skippedDueTo="MissingPdb" hash="CD-89-83-B5-5E-C5-43-FC-CA-3F-A5-6D-4D-3F-9B-7A-96-76-67-A0">
      <FullName>C:\svn_git_local_copy\github\ShoppingListApp\master\visualstudio\ShoppingListApp.Web.UI.Test\ShoppingListApp.Web.UI.Test\bin\Debug\WebDriver.dll</FullName>
      <ModuleName>WebDriver</ModuleName>
      <Classes />
    </Module>
    <Module skippedDueTo="Filter" hash="0E-6A-6A-D1-5A-B9-7F-CD-21-D0-D0-10-C7-76-2D-EC-C3-35-1F-0F">
      <FullName>C:\Windows\Microsoft.Net\assembly\GAC_MSIL\System.Numerics\v4.0_4.0.0.0__b77a5c561934e089\System.Numerics.dll</FullName>
      <ModuleName>System.Numerics</ModuleName>
      <Classes />
    </Module>
    <Module skippedDueTo="Filter" hash="2A-F2-E8-7E-4D-A5-B3-64-71-5C-2C-AB-3B-26-33-62-27-4E-5D-8C">
      <FullName>C:\Windows\Microsoft.Net\assembly\GAC_MSIL\System.ComponentModel.DataAnnotations\v4.0_4.0.0.0__31bf3856ad364e35\System.ComponentModel.DataAnnotations.dll</FullName>
      <ModuleName>System.ComponentModel.DataAnnotations</ModuleName>
      <Classes />
    </Module>
    <Module skippedDueTo="Filter" hash="60-C8-FF-7B-E6-2A-F6-A7-F3-18-24-A4-36-6B-13-4B-C6-C4-06-7D">
      <FullName>C:\Windows\Microsoft.Net\assembly\GAC_MSIL\System.Runtime.Serialization\v4.0_4.0.0.0__b77a5c561934e089\System.Runtime.Serialization.dll</FullName>
      <ModuleName>System.Runtime.Serialization</ModuleName>
      <Classes />
    </Module>
    <Module skippedDueTo="Filter" hash="48-47-12-55-10-63-87-90-26-B9-C9-4F-FB-4E-FE-7F-96-40-AE-76">
      <FullName>C:\Windows\Microsoft.Net\assembly\GAC_MSIL\System.Xml.Linq\v4.0_4.0.0.0__b77a5c561934e089\System.Xml.Linq.dll</FullName>
      <ModuleName>System.Xml.Linq</ModuleName>
      <Classes />
    </Module>
    <Module skippedDueTo="Filter" hash="E8-CF-D0-31-B7-08-09-49-33-9E-C6-6E-25-45-0D-15-0B-40-3C-F2">
      <FullName>C:\Windows\Microsoft.Net\assembly\GAC_64\System.Data\v4.0_4.0.0.0__b77a5c561934e089\System.Data.dll</FullName>
      <ModuleName>System.Data</ModuleName>
      <Classes />
    </Module>
    <Module skippedDueTo="Filter" hash="F0-3A-C9-74-72-AD-EF-D0-F6-0B-76-79-F4-D6-B3-90-0E-45-6A-BC">
      <FullName>C:\Windows\Microsoft.Net\assembly\GAC_MSIL\System.Drawing\v4.0_4.0.0.0__b03f5f7f11d50a3a\System.Drawing.dll</FullName>
      <ModuleName>System.Drawing</ModuleName>
      <Classes />
    </Module>
    <Module skippedDueTo="MissingPdb" hash="8E-46-82-EB-78-AB-0B-CF-64-A7-DE-A9-16-4A-80-C5-23-54-0F-74">
      <FullName>C:\svn_git_local_copy\github\ShoppingListApp\master\visualstudio\ShoppingListApp.Web.UI.Test\ShoppingListApp.Web.UI.Test\bin\Debug\WebDriver.Support.dll</FullName>
      <ModuleName>WebDriver.Support</ModuleName>
      <Classes />
    </Module>
    <Module skippedDueTo="Filter" hash="2B-F7-1F-91-52-1E-18-1F-41-20-3D-A1-D5-4A-AD-FF-DC-D5-B8-7C">
      <FullName>C:\Windows\Microsoft.Net\assembly\GAC_MSIL\System.resources\v4.0_4.0.0.0_de_b77a5c561934e089\System.resources.dll</FullName>
      <ModuleName>System.resources</ModuleName>
      <Classes />
    </Module>
    <Module skippedDueTo="Filter" hash="E1-22-41-8E-E0-8B-C0-DA-E1-E6-E8-FF-14-61-6C-BD-A8-9C-13-63">
      <FullName>C:\Windows\Microsoft.Net\assembly\GAC_MSIL\mscorlib.resources\v4.0_4.0.0.0_de_b77a5c561934e089\mscorlib.resources.dll</FullName>
      <ModuleName>mscorlib.resources</ModuleName>
      <Classes />
    </Module>
  </Modules>
</CoverageSession>